<?xml version="1.0" encoding="UTF-8"?>
<!-- Generated by org.testng.reporters.JUnitXMLReporter -->
<testsuite ignored="3" hostname="DESKTOP-QDMAU59" failures="1" tests="4" name="Test" time="21.391" errors="0" timestamp="2022-08-23T15:09:44 IST">
  <testcase classname="testNGDemo.TestNGxml2" name="loginID" time="2.152"/>
  <testcase classname="testNGDemo.TestNGxml2" name="password" time="2.133"/>
  <testcase classname="testNGDemo.TestNGxml2" name="captcha" time="2.134"/>
  <testcase classname="testNGDemo.TestNGxml2" name="login" time="1.149">
    <failure type="org.openqa.selenium.ElementClickInterceptedException" message="element click intercepted: Element &amp;lt;input type=&amp;quot;submit&amp;quot; id=&amp;quot;edit-submit&amp;quot; name=&amp;quot;op&amp;quot; value=&amp;quot;Log in&amp;quot; class=&amp;quot;form-submit&amp;quot;&amp;gt; is not clickable at point (459, 667). Other element would receive the click: &amp;lt;iframe id=&amp;quot;aswift_5&amp;quot; name=&amp;quot;aswift_5&amp;quot; style=&amp;quot;width: 641px !important; height: 124px !important; display: block; margin: 0px auto;&amp;quot; sandbox=&amp;quot;allow-forms allow-popups allow-popups-to-escape-sandbox allow-same-origin allow-scripts allow-top-navigation-by-user-activation&amp;quot; width=&amp;quot;641&amp;quot; height=&amp;quot;124&amp;quot; frameborder=&amp;quot;0&amp;quot; marginwidth=&amp;quot;0&amp;quot; marginheight=&amp;quot;0&amp;quot; vspace=&amp;quot;0&amp;quot; hspace=&amp;quot;0&amp;quot; allowtransparency=&amp;quot;true&amp;quot; scrolling=&amp;quot;no&amp;quot; src=&amp;quot;https://googleads.g.doubleclick.net/pagead/html/r20220818/r20110914/zrt_lookup.html?fsb=1#RS-1-&amp;amp;amp;adk=1812271801&amp;amp;amp;client=ca-pub-1255112978089796&amp;amp;amp;fa=1&amp;amp;amp;ifi=6&amp;amp;amp;uci=a!6&amp;amp;amp;btvi=3&amp;amp;amp;xpc=uaWMWDmMFL&amp;amp;amp;p=http%3A//www.seleniumlearn.com&amp;quot; data-google-container-id=&amp;quot;a!6&amp;quot; data-google-query-id=&amp;quot;COnnrLvV3PkCFRjJFgUdQ0cMrA&amp;quot; data-load-complete=&amp;quot;true&amp;quot;&amp;gt;&amp;lt;/iframe&amp;gt;
  (Session info: chrome=104.0.5112.102)
Build info: version: &amp;apos;4.3.0&amp;apos;, revision: &amp;apos;a4995e2c09*&amp;apos;
System info: host: &amp;apos;DESKTOP-QDMAU59&amp;apos;, ip: &amp;apos;192.168.1.192&amp;apos;, os.name: &amp;apos;Windows 10&amp;apos;, os.arch: &amp;apos;amd64&amp;apos;, os.version: &amp;apos;10.0&amp;apos;, java.version: &amp;apos;17.0.2&amp;apos;
Driver info: org.openqa.selenium.chrome.ChromeDriver
Command: [3b9157562829ec31282c875c81af3121, clickElement {id=4f4f33ca-21a4-455c-a407-54f1ec34c64a}]
Capabilities {acceptInsecureCerts: false, browserName: chrome, browserVersion: 104.0.5112.102, chrome: {chromedriverVersion: 103.0.5060.53 (a1711811edd7..., userDataDir: C:\Users\LENOVO\AppData\Loc...}, goog:chromeOptions: {debuggerAddress: localhost:63100}, networkConnectionEnabled: false, pageLoadStrategy: normal, platformName: WINDOWS, proxy: Proxy(), se:cdp: ws://localhost:63100/devtoo..., se:cdpVersion: 104.0.5112.102, setWindowRect: true, strictFileInteractability: false, timeouts: {implicit: 0, pageLoad: 300000, script: 30000}, unhandledPromptBehavior: dismiss and notify, webauthn:extension:credBlob: true, webauthn:extension:largeBlob: true, webauthn:virtualAuthenticators: true}
Element: [[ChromeDriver: chrome on WINDOWS (3b9157562829ec31282c875c81af3121)] -&amp;gt; xpath: //input[@id=&amp;apos;edit-submit&amp;apos;]]
Session ID: 3b9157562829ec31282c875c81af3121">
      <![CDATA[org.openqa.selenium.ElementClickInterceptedException: element click intercepted: Element <input type="submit" id="edit-submit" name="op" value="Log in" class="form-submit"> is not clickable at point (459, 667). Other element would receive the click: <iframe id="aswift_5" name="aswift_5" style="width: 641px !important; height: 124px !important; display: block; margin: 0px auto;" sandbox="allow-forms allow-popups allow-popups-to-escape-sandbox allow-same-origin allow-scripts allow-top-navigation-by-user-activation" width="641" height="124" frameborder="0" marginwidth="0" marginheight="0" vspace="0" hspace="0" allowtransparency="true" scrolling="no" src="https://googleads.g.doubleclick.net/pagead/html/r20220818/r20110914/zrt_lookup.html?fsb=1#RS-1-&amp;adk=1812271801&amp;client=ca-pub-1255112978089796&amp;fa=1&amp;ifi=6&amp;uci=a!6&amp;btvi=3&amp;xpc=uaWMWDmMFL&amp;p=http%3A//www.seleniumlearn.com" data-google-container-id="a!6" data-google-query-id="COnnrLvV3PkCFRjJFgUdQ0cMrA" data-load-complete="true"></iframe>
  (Session info: chrome=104.0.5112.102)
Build info: version: '4.3.0', revision: 'a4995e2c09*'
System info: host: 'DESKTOP-QDMAU59', ip: '192.168.1.192', os.name: 'Windows 10', os.arch: 'amd64', os.version: '10.0', java.version: '17.0.2'
Driver info: org.openqa.selenium.chrome.ChromeDriver
Command: [3b9157562829ec31282c875c81af3121, clickElement {id=4f4f33ca-21a4-455c-a407-54f1ec34c64a}]
Capabilities {acceptInsecureCerts: false, browserName: chrome, browserVersion: 104.0.5112.102, chrome: {chromedriverVersion: 103.0.5060.53 (a1711811edd7..., userDataDir: C:\Users\LENOVO\AppData\Loc...}, goog:chromeOptions: {debuggerAddress: localhost:63100}, networkConnectionEnabled: false, pageLoadStrategy: normal, platformName: WINDOWS, proxy: Proxy(), se:cdp: ws://localhost:63100/devtoo..., se:cdpVersion: 104.0.5112.102, setWindowRect: true, strictFileInteractability: false, timeouts: {implicit: 0, pageLoad: 300000, script: 30000}, unhandledPromptBehavior: dismiss and notify, webauthn:extension:credBlob: true, webauthn:extension:largeBlob: true, webauthn:virtualAuthenticators: true}
Element: [[ChromeDriver: chrome on WINDOWS (3b9157562829ec31282c875c81af3121)] -> xpath: //input[@id='edit-submit']]
Session ID: 3b9157562829ec31282c875c81af3121
at org.openqa.selenium.remote.codec.w3c.W3CHttpResponseCodec.createException(W3CHttpResponseCodec.java:200)
at org.openqa.selenium.remote.codec.w3c.W3CHttpResponseCodec.decode(W3CHttpResponseCodec.java:133)
at org.openqa.selenium.remote.codec.w3c.W3CHttpResponseCodec.decode(W3CHttpResponseCodec.java:53)
at org.openqa.selenium.remote.HttpCommandExecutor.execute(HttpCommandExecutor.java:184)
at org.openqa.selenium.remote.service.DriverCommandExecutor.invokeExecute(DriverCommandExecutor.java:167)
at org.openqa.selenium.remote.service.DriverCommandExecutor.execute(DriverCommandExecutor.java:142)
at org.openqa.selenium.remote.RemoteWebDriver.execute(RemoteWebDriver.java:569)
at org.openqa.selenium.remote.RemoteWebElement.execute(RemoteWebElement.java:257)
at org.openqa.selenium.remote.RemoteWebElement.click(RemoteWebElement.java:78)
at testNGDemo.TestNGxml2.login(TestNGxml2.java:47)
at java.base/java.util.ArrayList.forEach(ArrayList.java:1511)
... Removed 32 stack frames]]>
    </failure>
  </testcase> <!-- login -->
  <testcase classname="testNGDemo.TestNGxml2" name="flipkart" time="0.0">
    <ignored/>
  </testcase> <!-- flipkart -->
  <testcase classname="testNGDemo.TestNGxml2" name="amazon" time="0.0">
    <ignored/>
  </testcase> <!-- amazon -->
  <testcase classname="testNGDemo.TestNGxml2" name="google" time="0.0">
    <ignored/>
  </testcase> <!-- google -->
</testsuite> <!-- Test -->
