<?xml version="1.0" encoding="UTF-8"?>
<!-- Generated by org.testng.reporters.JUnitXMLReporter -->
<testsuite ignored="5" hostname="DESKTOP-QDMAU59" failures="0" tests="2" name="Test1" time="13.517" errors="0" timestamp="2022-07-28T12:10:22 IST">
  <testcase classname="testNGDemo.TestNGxml" name="google" time="1.563"/>
  <testcase classname="testNGDemo.TestNGxml" name="amazon" time="4.243"/>
  <testcase classname="testNGDemo.TestNGxml" name="password" time="0.0">
    <ignored/>
  </testcase> <!-- password -->
  <testcase classname="testNGDemo.TestNGxml" name="captcha" time="0.0">
    <ignored/>
  </testcase> <!-- captcha -->
  <testcase classname="testNGDemo.TestNGxml" name="flipkart" time="0.0">
    <ignored/>
  </testcase> <!-- flipkart -->
  <testcase classname="testNGDemo.TestNGxml" name="loginID" time="0.0">
    <ignored/>
  </testcase> <!-- loginID -->
  <testcase classname="testNGDemo.TestNGxml" name="login" time="0.0">
    <ignored/>
  </testcase> <!-- login -->
</testsuite> <!-- Test1 -->
