<?xml version="1.0" encoding="UTF-8"?>
<testng-results ignored="0" total="1" passed="1" failed="0" skipped="0">
  <reporter-output>
  </reporter-output>
  <suite started-at="2022-08-23T15:27:49 IST" name="Default suite" finished-at="2022-08-23T15:28:10 IST" duration-ms="21374">
    <groups>
    </groups>
    <test started-at="2022-08-23T15:27:49 IST" name="Default test" finished-at="2022-08-23T15:28:10 IST" duration-ms="21374">
      <class name="testNGDemo.Instagram">
        <test-method is-config="true" signature="beforeTest()[pri:0, instance:testNGDemo.Instagram@66f57048]" started-at="2022-08-23T15:27:49 IST" name="beforeTest" finished-at="2022-08-23T15:27:52 IST" duration-ms="3216" status="PASS">
          <reporter-output>
          </reporter-output>
        </test-method> <!-- beforeTest -->
        <test-method signature="login()[pri:0, instance:testNGDemo.Instagram@66f57048]" started-at="2022-08-23T15:27:52 IST" name="login" finished-at="2022-08-23T15:28:10 IST" duration-ms="18102" status="PASS">
          <reporter-output>
          </reporter-output>
        </test-method> <!-- login -->
      </class> <!-- testNGDemo.Instagram -->
    </test> <!-- Default test -->
  </suite> <!-- Default suite -->
</testng-results>
